<?xml version="1.0" encoding="UTF-8"?>
<!-- Generated by org.testng.reporters.JUnitXMLReporter -->
<testsuite hostname="LenovoPC" name="Default test" tests="4" failures="0" timestamp="15 Oct 2015 11:01:59 GMT" time="10.059" errors="0">
  <testcase name="testEmptyContactCreation" time="1.82" classname="com.example.tests.ContactCreationTests"/>
  <testcase name="testNonEmptyContactCreation" time="1.843" classname="com.example.tests.ContactCreationTests"/>
  <testcase name="testEmptyGroupCreation" time="1.09" classname="com.example.tests.GroupCreationTests"/>
  <testcase name="testNonEmptyGroupCreation" time="0.964" classname="com.example.tests.GroupCreationTests"/>
</testsuite> <!-- Default test -->
